2022-08-01 23:25:04.014  INFO 12852 --- [restartedMain] c.e.m.MoviebookingticketApplication      : Starting MoviebookingticketApplication using Java 11.0.1 on WIN-G89HJ9FVUAB with PID 12852 (C:\Users\User\Documents\final\moviebookingticket\target\classes started by User in C:\Users\User\Documents\final\moviebookingticket)
2022-08-01 23:25:04.016 DEBUG 12852 --- [restartedMain] c.e.m.MoviebookingticketApplication      : Running with Spring Boot v2.6.7, Spring v5.3.19
2022-08-01 23:25:04.018  INFO 12852 --- [restartedMain] c.e.m.MoviebookingticketApplication      : No active profile set, falling back to 1 default profile: "default"
2022-08-01 23:25:04.090  INFO 12852 --- [restartedMain] .e.DevToolsPropertyDefaultsPostProcessor : Devtools property defaults active! Set 'spring.devtools.add-properties' to 'false' to disable
2022-08-01 23:25:04.091  INFO 12852 --- [restartedMain] .e.DevToolsPropertyDefaultsPostProcessor : For additional web related logging consider setting the 'logging.level.web' property to 'DEBUG'
2022-08-01 23:25:05.143  INFO 12852 --- [restartedMain] .s.d.r.c.RepositoryConfigurationDelegate : Bootstrapping Spring Data JPA repositories in DEFAULT mode.
2022-08-01 23:25:05.216  INFO 12852 --- [restartedMain] .s.d.r.c.RepositoryConfigurationDelegate : Finished Spring Data repository scanning in 63 ms. Found 5 JPA repository interfaces.
2022-08-01 23:25:05.867  INFO 12852 --- [restartedMain] o.s.b.w.embedded.tomcat.TomcatWebServer  : Tomcat initialized with port(s): 8080 (http)
2022-08-01 23:25:05.876  INFO 12852 --- [restartedMain] o.apache.catalina.core.StandardService   : Starting service [Tomcat]
2022-08-01 23:25:05.876  INFO 12852 --- [restartedMain] org.apache.catalina.core.StandardEngine  : Starting Servlet engine: [Apache Tomcat/9.0.62]
2022-08-01 23:25:05.972  INFO 12852 --- [restartedMain] o.a.c.c.C.[Tomcat].[localhost].[/]       : Initializing Spring embedded WebApplicationContext
2022-08-01 23:25:05.972  INFO 12852 --- [restartedMain] w.s.c.ServletWebServerApplicationContext : Root WebApplicationContext: initialization completed in 1880 ms
2022-08-01 23:25:06.015  INFO 12852 --- [restartedMain] com.zaxxer.hikari.HikariDataSource       : HikariPool-1 - Starting...
2022-08-01 23:25:06.277  INFO 12852 --- [restartedMain] com.zaxxer.hikari.HikariDataSource       : HikariPool-1 - Start completed.
2022-08-01 23:25:06.287  INFO 12852 --- [restartedMain] o.s.b.a.h2.H2ConsoleAutoConfiguration    : H2 console available at '/h2-console'. Database available at 'jdbc:mysql://127.0.0.1:3306/movie'
2022-08-01 23:25:06.390  INFO 12852 --- [restartedMain] o.hibernate.jpa.internal.util.LogHelper  : HHH000204: Processing PersistenceUnitInfo [name: default]
2022-08-01 23:25:06.454  INFO 12852 --- [restartedMain] org.hibernate.Version                    : HHH000412: Hibernate ORM core version 5.6.8.Final
2022-08-01 23:25:06.612  INFO 12852 --- [restartedMain] o.hibernate.annotations.common.Version   : HCANN000001: Hibernate Commons Annotations {5.1.2.Final}
2022-08-01 23:25:06.701  INFO 12852 --- [restartedMain] org.hibernate.dialect.Dialect            : HHH000400: Using dialect: org.hibernate.dialect.MySQL5Dialect
2022-08-01 23:25:07.327  INFO 12852 --- [restartedMain] o.h.e.t.j.p.i.JtaPlatformInitiator       : HHH000490: Using JtaPlatform implementation: [org.hibernate.engine.transaction.jta.platform.internal.NoJtaPlatform]
2022-08-01 23:25:07.335  INFO 12852 --- [restartedMain] j.LocalContainerEntityManagerFactoryBean : Initialized JPA EntityManagerFactory for persistence unit 'default'
2022-08-01 23:25:07.991  WARN 12852 --- [restartedMain] JpaBaseConfiguration$JpaWebConfiguration : spring.jpa.open-in-view is enabled by default. Therefore, database queries may be performed during view rendering. Explicitly configure spring.jpa.open-in-view to disable this warning
2022-08-01 23:25:08.260  INFO 12852 --- [restartedMain] o.s.b.d.a.OptionalLiveReloadServer       : LiveReload server is running on port 35729
2022-08-01 23:25:08.428  INFO 12852 --- [restartedMain] o.s.b.w.embedded.tomcat.TomcatWebServer  : Tomcat started on port(s): 8080 (http) with context path ''
2022-08-01 23:25:08.429  INFO 12852 --- [restartedMain] d.s.w.p.DocumentationPluginsBootstrapper : Context refreshed
2022-08-01 23:25:08.443  INFO 12852 --- [restartedMain] d.s.w.p.DocumentationPluginsBootstrapper : Found 1 custom documentation plugin(s)
2022-08-01 23:25:08.455  INFO 12852 --- [restartedMain] s.d.s.w.s.ApiListingReferenceScanner     : Scanning for api listing references
2022-08-01 23:25:08.771  INFO 12852 --- [restartedMain] c.e.m.MoviebookingticketApplication      : Started MoviebookingticketApplication in 5.506 seconds (JVM running for 7.073)
2022-08-01 23:26:56.082  INFO 12852 --- [SpringApplicationShutdownHook] j.LocalContainerEntityManagerFactoryBean : Closing JPA EntityManagerFactory for persistence unit 'default'
2022-08-01 23:26:56.087  INFO 12852 --- [SpringApplicationShutdownHook] com.zaxxer.hikari.HikariDataSource       : HikariPool-1 - Shutdown initiated...
2022-08-01 23:26:56.112  INFO 12852 --- [SpringApplicationShutdownHook] com.zaxxer.hikari.HikariDataSource       : HikariPool-1 - Shutdown completed.
